0 info it worked if it ends with ok
1 verbose cli [ '/usr/local/bin/node', '/usr/local/bin/npm', 'run', 'commit' ]
2 info using npm@2.15.8
3 info using node@v4.4.7
4 verbose run-script [ 'precommit', 'commit', 'postcommit' ]
5 info precommit react-redux-starter@
6 info commit react-redux-starter@
7 verbose unsafe-perm in lifecycle true
8 info react-redux-starter@ Failed to exec commit script
9 verbose stack Error: react-redux-starter@ commit: `git-cz`
9 verbose stack Exit status 1
9 verbose stack     at EventEmitter.<anonymous> (/usr/local/lib/node_modules/npm/lib/utils/lifecycle.js:217:16)
9 verbose stack     at emitTwo (events.js:87:13)
9 verbose stack     at EventEmitter.emit (events.js:172:7)
9 verbose stack     at ChildProcess.<anonymous> (/usr/local/lib/node_modules/npm/lib/utils/spawn.js:24:14)
9 verbose stack     at emitTwo (events.js:87:13)
9 verbose stack     at ChildProcess.emit (events.js:172:7)
9 verbose stack     at maybeClose (internal/child_process.js:827:16)
9 verbose stack     at Process.ChildProcess._handle.onexit (internal/child_process.js:211:5)
10 verbose pkgid react-redux-starter@
11 verbose cwd /Users/robf/Workspace/q-buy
12 error Darwin 16.0.0
13 error argv "/usr/local/bin/node" "/usr/local/bin/npm" "run" "commit"
14 error node v4.4.7
15 error npm  v2.15.8
16 error code ELIFECYCLE
17 error react-redux-starter@ commit: `git-cz`
17 error Exit status 1
18 error Failed at the react-redux-starter@ commit script 'git-cz'.
18 error This is most likely a problem with the react-redux-starter package,
18 error not with npm itself.
18 error Tell the author that this fails on your system:
18 error     git-cz
18 error You can get information on how to open an issue for this project with:
18 error     npm bugs react-redux-starter
18 error Or if that isn't available, you can get their info via:
18 error
18 error     npm owner ls react-redux-starter
18 error There is likely additional logging output above.
19 verbose exit [ 1, true ]
